<?xml version="1.0" encoding="UTF-8"?>
<testsuite xmlns:xsi="http://www.w3.org/2001/XMLSchema-instance" xsi:noNamespaceSchemaLocation="https://maven.apache.org/surefire/maven-surefire-plugin/xsd/surefire-test-report.xsd" name="org.openquantumsafe.SigTest" time="36.468" tests="66" errors="0" skipped="0" failures="0">
  <properties>
    <property name="awt.toolkit" value="sun.awt.X11.XToolkit"/>
    <property name="liboqs.lib.dir" value="/usr/local/lib"/>
    <property name="java.specification.version" value="11"/>
    <property name="sun.cpu.isalist" value=""/>
    <property name="sun.jnu.encoding" value="UTF-8"/>
    <property name="java.class.path" value="/home/ze/PQSLightChain/src/main/liboqs-java/target/test-classes:/home/ze/PQSLightChain/src/main/liboqs-java/target/classes:/root/.m2/repository/org/apache/maven/plugins/maven-compiler-plugin/3.8.1/maven-compiler-plugin-3.8.1.jar:/root/.m2/repository/org/apache/maven/maven-plugin-api/3.0/maven-plugin-api-3.0.jar:/root/.m2/repository/org/apache/maven/maven-model/3.0/maven-model-3.0.jar:/root/.m2/repository/org/sonatype/sisu/sisu-inject-plexus/1.4.2/sisu-inject-plexus-1.4.2.jar:/root/.m2/repository/org/sonatype/sisu/sisu-inject-bean/1.4.2/sisu-inject-bean-1.4.2.jar:/root/.m2/repository/org/sonatype/sisu/sisu-guice/2.1.7/sisu-guice-2.1.7-noaop.jar:/root/.m2/repository/org/apache/maven/maven-artifact/3.0/maven-artifact-3.0.jar:/root/.m2/repository/org/apache/maven/maven-core/3.0/maven-core-3.0.jar:/root/.m2/repository/org/apache/maven/maven-settings/3.0/maven-settings-3.0.jar:/root/.m2/repository/org/apache/maven/maven-settings-builder/3.0/maven-settings-builder-3.0.jar:/root/.m2/repository/org/apache/maven/maven-repository-metadata/3.0/maven-repository-metadata-3.0.jar:/root/.m2/repository/org/apache/maven/maven-model-builder/3.0/maven-model-builder-3.0.jar:/root/.m2/repository/org/apache/maven/maven-aether-provider/3.0/maven-aether-provider-3.0.jar:/root/.m2/repository/org/sonatype/aether/aether-impl/1.7/aether-impl-1.7.jar:/root/.m2/repository/org/sonatype/aether/aether-spi/1.7/aether-spi-1.7.jar:/root/.m2/repository/org/sonatype/aether/aether-api/1.7/aether-api-1.7.jar:/root/.m2/repository/org/sonatype/aether/aether-util/1.7/aether-util-1.7.jar:/root/.m2/repository/org/codehaus/plexus/plexus-interpolation/1.14/plexus-interpolation-1.14.jar:/root/.m2/repository/org/codehaus/plexus/plexus-classworlds/2.2.3/plexus-classworlds-2.2.3.jar:/root/.m2/repository/org/codehaus/plexus/plexus-component-annotations/1.5.5/plexus-component-annotations-1.5.5.jar:/root/.m2/repository/org/sonatype/plexus/plexus-sec-dispatcher/1.3/plexus-sec-dispatcher-1.3.jar:/root/.m2/repository/org/sonatype/plexus/plexus-cipher/1.4/plexus-cipher-1.4.jar:/root/.m2/repository/org/apache/maven/shared/maven-shared-utils/3.2.1/maven-shared-utils-3.2.1.jar:/root/.m2/repository/commons-io/commons-io/2.5/commons-io-2.5.jar:/root/.m2/repository/org/apache/maven/shared/maven-shared-incremental/1.1/maven-shared-incremental-1.1.jar:/root/.m2/repository/org/codehaus/plexus/plexus-java/0.9.10/plexus-java-0.9.10.jar:/root/.m2/repository/org/ow2/asm/asm/6.2/asm-6.2.jar:/root/.m2/repository/com/thoughtworks/qdox/qdox/2.0-M8/qdox-2.0-M8.jar:/root/.m2/repository/org/codehaus/plexus/plexus-compiler-api/2.8.4/plexus-compiler-api-2.8.4.jar:/root/.m2/repository/org/codehaus/plexus/plexus-compiler-manager/2.8.4/plexus-compiler-manager-2.8.4.jar:/root/.m2/repository/org/codehaus/plexus/plexus-compiler-javac/2.8.4/plexus-compiler-javac-2.8.4.jar:/root/.m2/repository/org/apache/maven/plugins/maven-jar-plugin/3.2.0/maven-jar-plugin-3.2.0.jar:/root/.m2/repository/org/apache/maven/shared/file-management/3.0.0/file-management-3.0.0.jar:/root/.m2/repository/org/apache/maven/shared/maven-shared-io/3.0.0/maven-shared-io-3.0.0.jar:/root/.m2/repository/org/apache/maven/maven-compat/3.0/maven-compat-3.0.jar:/root/.m2/repository/org/apache/maven/wagon/wagon-provider-api/2.10/wagon-provider-api-2.10.jar:/root/.m2/repository/org/apache/maven/maven-archiver/3.5.0/maven-archiver-3.5.0.jar:/root/.m2/repository/org/codehaus/plexus/plexus-archiver/4.2.1/plexus-archiver-4.2.1.jar:/root/.m2/repository/org/codehaus/plexus/plexus-io/3.2.0/plexus-io-3.2.0.jar:/root/.m2/repository/org/apache/commons/commons-compress/1.19/commons-compress-1.19.jar:/root/.m2/repository/org/iq80/snappy/snappy/0.4/snappy-0.4.jar:/root/.m2/repository/org/tukaani/xz/1.8/xz-1.8.jar:/root/.m2/repository/org/codehaus/plexus/plexus-utils/3.3.0/plexus-utils-3.3.0.jar:/root/.m2/repository/org/junit/jupiter/junit-jupiter-params/5.6.2/junit-jupiter-params-5.6.2.jar:/root/.m2/repository/org/apiguardian/apiguardian-api/1.1.0/apiguardian-api-1.1.0.jar:/root/.m2/repository/org/junit/jupiter/junit-jupiter-api/5.6.2/junit-jupiter-api-5.6.2.jar:/root/.m2/repository/org/opentest4j/opentest4j/1.2.0/opentest4j-1.2.0.jar:/root/.m2/repository/org/junit/platform/junit-platform-commons/1.6.2/junit-platform-commons-1.6.2.jar:/root/.m2/repository/org/junit/jupiter/junit-jupiter/5.6.2/junit-jupiter-5.6.2.jar:/root/.m2/repository/org/junit/jupiter/junit-jupiter-engine/5.6.2/junit-jupiter-engine-5.6.2.jar:/root/.m2/repository/org/junit/platform/junit-platform-engine/1.6.2/junit-platform-engine-1.6.2.jar:"/>
    <property name="java.vm.vendor" value="Ubuntu"/>
    <property name="sun.arch.data.model" value="64"/>
    <property name="java.vendor.url" value="https://ubuntu.com/"/>
    <property name="user.timezone" value=""/>
    <property name="java.vm.specification.version" value="11"/>
    <property name="os.name" value="Linux"/>
    <property name="sun.java.launcher" value="SUN_STANDARD"/>
    <property name="user.country" value="US"/>
    <property name="sun.boot.library.path" value="/usr/lib/jvm/java-11-openjdk-amd64/lib"/>
    <property name="sun.java.command" value="/home/ze/PQSLightChain/src/main/liboqs-java/target/surefire/surefirebooter2674864224070434169.jar /home/ze/PQSLightChain/src/main/liboqs-java/target/surefire 2022-01-24T06-04-43_122-jvmRun1 surefire10149217761925513815tmp surefire_017644336264285605807tmp"/>
    <property name="jdk.debug" value="release"/>
    <property name="surefire.test.class.path" value="/home/ze/PQSLightChain/src/main/liboqs-java/target/test-classes:/home/ze/PQSLightChain/src/main/liboqs-java/target/classes:/root/.m2/repository/org/apache/maven/plugins/maven-compiler-plugin/3.8.1/maven-compiler-plugin-3.8.1.jar:/root/.m2/repository/org/apache/maven/maven-plugin-api/3.0/maven-plugin-api-3.0.jar:/root/.m2/repository/org/apache/maven/maven-model/3.0/maven-model-3.0.jar:/root/.m2/repository/org/sonatype/sisu/sisu-inject-plexus/1.4.2/sisu-inject-plexus-1.4.2.jar:/root/.m2/repository/org/sonatype/sisu/sisu-inject-bean/1.4.2/sisu-inject-bean-1.4.2.jar:/root/.m2/repository/org/sonatype/sisu/sisu-guice/2.1.7/sisu-guice-2.1.7-noaop.jar:/root/.m2/repository/org/apache/maven/maven-artifact/3.0/maven-artifact-3.0.jar:/root/.m2/repository/org/apache/maven/maven-core/3.0/maven-core-3.0.jar:/root/.m2/repository/org/apache/maven/maven-settings/3.0/maven-settings-3.0.jar:/root/.m2/repository/org/apache/maven/maven-settings-builder/3.0/maven-settings-builder-3.0.jar:/root/.m2/repository/org/apache/maven/maven-repository-metadata/3.0/maven-repository-metadata-3.0.jar:/root/.m2/repository/org/apache/maven/maven-model-builder/3.0/maven-model-builder-3.0.jar:/root/.m2/repository/org/apache/maven/maven-aether-provider/3.0/maven-aether-provider-3.0.jar:/root/.m2/repository/org/sonatype/aether/aether-impl/1.7/aether-impl-1.7.jar:/root/.m2/repository/org/sonatype/aether/aether-spi/1.7/aether-spi-1.7.jar:/root/.m2/repository/org/sonatype/aether/aether-api/1.7/aether-api-1.7.jar:/root/.m2/repository/org/sonatype/aether/aether-util/1.7/aether-util-1.7.jar:/root/.m2/repository/org/codehaus/plexus/plexus-interpolation/1.14/plexus-interpolation-1.14.jar:/root/.m2/repository/org/codehaus/plexus/plexus-classworlds/2.2.3/plexus-classworlds-2.2.3.jar:/root/.m2/repository/org/codehaus/plexus/plexus-component-annotations/1.5.5/plexus-component-annotations-1.5.5.jar:/root/.m2/repository/org/sonatype/plexus/plexus-sec-dispatcher/1.3/plexus-sec-dispatcher-1.3.jar:/root/.m2/repository/org/sonatype/plexus/plexus-cipher/1.4/plexus-cipher-1.4.jar:/root/.m2/repository/org/apache/maven/shared/maven-shared-utils/3.2.1/maven-shared-utils-3.2.1.jar:/root/.m2/repository/commons-io/commons-io/2.5/commons-io-2.5.jar:/root/.m2/repository/org/apache/maven/shared/maven-shared-incremental/1.1/maven-shared-incremental-1.1.jar:/root/.m2/repository/org/codehaus/plexus/plexus-java/0.9.10/plexus-java-0.9.10.jar:/root/.m2/repository/org/ow2/asm/asm/6.2/asm-6.2.jar:/root/.m2/repository/com/thoughtworks/qdox/qdox/2.0-M8/qdox-2.0-M8.jar:/root/.m2/repository/org/codehaus/plexus/plexus-compiler-api/2.8.4/plexus-compiler-api-2.8.4.jar:/root/.m2/repository/org/codehaus/plexus/plexus-compiler-manager/2.8.4/plexus-compiler-manager-2.8.4.jar:/root/.m2/repository/org/codehaus/plexus/plexus-compiler-javac/2.8.4/plexus-compiler-javac-2.8.4.jar:/root/.m2/repository/org/apache/maven/plugins/maven-jar-plugin/3.2.0/maven-jar-plugin-3.2.0.jar:/root/.m2/repository/org/apache/maven/shared/file-management/3.0.0/file-management-3.0.0.jar:/root/.m2/repository/org/apache/maven/shared/maven-shared-io/3.0.0/maven-shared-io-3.0.0.jar:/root/.m2/repository/org/apache/maven/maven-compat/3.0/maven-compat-3.0.jar:/root/.m2/repository/org/apache/maven/wagon/wagon-provider-api/2.10/wagon-provider-api-2.10.jar:/root/.m2/repository/org/apache/maven/maven-archiver/3.5.0/maven-archiver-3.5.0.jar:/root/.m2/repository/org/codehaus/plexus/plexus-archiver/4.2.1/plexus-archiver-4.2.1.jar:/root/.m2/repository/org/codehaus/plexus/plexus-io/3.2.0/plexus-io-3.2.0.jar:/root/.m2/repository/org/apache/commons/commons-compress/1.19/commons-compress-1.19.jar:/root/.m2/repository/org/iq80/snappy/snappy/0.4/snappy-0.4.jar:/root/.m2/repository/org/tukaani/xz/1.8/xz-1.8.jar:/root/.m2/repository/org/codehaus/plexus/plexus-utils/3.3.0/plexus-utils-3.3.0.jar:/root/.m2/repository/org/junit/jupiter/junit-jupiter-params/5.6.2/junit-jupiter-params-5.6.2.jar:/root/.m2/repository/org/apiguardian/apiguardian-api/1.1.0/apiguardian-api-1.1.0.jar:/root/.m2/repository/org/junit/jupiter/junit-jupiter-api/5.6.2/junit-jupiter-api-5.6.2.jar:/root/.m2/repository/org/opentest4j/opentest4j/1.2.0/opentest4j-1.2.0.jar:/root/.m2/repository/org/junit/platform/junit-platform-commons/1.6.2/junit-platform-commons-1.6.2.jar:/root/.m2/repository/org/junit/jupiter/junit-jupiter/5.6.2/junit-jupiter-5.6.2.jar:/root/.m2/repository/org/junit/jupiter/junit-jupiter-engine/5.6.2/junit-jupiter-engine-5.6.2.jar:/root/.m2/repository/org/junit/platform/junit-platform-engine/1.6.2/junit-platform-engine-1.6.2.jar:"/>
    <property name="sun.cpu.endian" value="little"/>
    <property name="user.home" value="/root"/>
    <property name="user.language" value="en"/>
    <property name="java.specification.vendor" value="Oracle Corporation"/>
    <property name="java.version.date" value="2021-10-19"/>
    <property name="java.home" value="/usr/lib/jvm/java-11-openjdk-amd64"/>
    <property name="file.separator" value="/"/>
    <property name="basedir" value="/home/ze/PQSLightChain/src/main/liboqs-java"/>
    <property name="java.vm.compressedOopsMode" value="32-bit"/>
    <property name="liboqs.include.dir" value="/usr/local/include"/>
    <property name="line.separator" value="&#10;"/>
    <property name="java.specification.name" value="Java Platform API Specification"/>
    <property name="java.vm.specification.vendor" value="Oracle Corporation"/>
    <property name="java.awt.graphicsenv" value="sun.awt.X11GraphicsEnvironment"/>
    <property name="surefire.real.class.path" value="/home/ze/PQSLightChain/src/main/liboqs-java/target/surefire/surefirebooter2674864224070434169.jar"/>
    <property name="sun.management.compiler" value="HotSpot 64-Bit Tiered Compilers"/>
    <property name="java.runtime.version" value="11.0.13+8-Ubuntu-0ubuntu1.20.04"/>
    <property name="user.name" value="root"/>
    <property name="path.separator" value=":"/>
    <property name="os.version" value="5.13.0-27-generic"/>
    <property name="java.runtime.name" value="OpenJDK Runtime Environment"/>
    <property name="file.encoding" value="UTF-8"/>
    <property name="java.vm.name" value="OpenJDK 64-Bit Server VM"/>
    <property name="localRepository" value="/root/.m2/repository"/>
    <property name="java.vendor.url.bug" value="https://bugs.launchpad.net/ubuntu/+source/openjdk-lts"/>
    <property name="java.io.tmpdir" value="/tmp"/>
    <property name="java.version" value="11.0.13"/>
    <property name="user.dir" value="/home/ze/PQSLightChain/src/main/liboqs-java"/>
    <property name="os.arch" value="amd64"/>
    <property name="java.vm.specification.name" value="Java Virtual Machine Specification"/>
    <property name="java.awt.printerjob" value="sun.print.PSPrinterJob"/>
    <property name="sun.os.patch.level" value="unknown"/>
    <property name="java.library.path" value="/home/ze/PQSLightChain/src/main/liboqs-java/src/main/resources/"/>
    <property name="java.vm.info" value="mixed mode"/>
    <property name="java.vendor" value="Ubuntu"/>
    <property name="java.vm.version" value="11.0.13+8-Ubuntu-0ubuntu1.20.04"/>
    <property name="sun.io.unicode.encoding" value="UnicodeLittle"/>
    <property name="java.class.version" value="55.0"/>
  </properties>
  <testcase name="testUnsupportedSigExpectedException" classname="org.openquantumsafe.SigTest" time="0.024"/>
  <testcase name="testAllSigs{String}[2]" classname="org.openquantumsafe.SigTest" time="0.05"/>
  <testcase name="testAllSigs{String}[3]" classname="org.openquantumsafe.SigTest" time="0.007"/>
  <testcase name="testAllSigs{String}[4]" classname="org.openquantumsafe.SigTest" time="0.004"/>
  <testcase name="testAllSigs{String}[5]" classname="org.openquantumsafe.SigTest" time="0.007"/>
  <testcase name="testAllSigs{String}[6]" classname="org.openquantumsafe.SigTest" time="0.011"/>
  <testcase name="testAllSigs{String}[7]" classname="org.openquantumsafe.SigTest" time="0.028"/>
  <testcase name="testAllSigs{String}[8]" classname="org.openquantumsafe.SigTest" time="0.042"/>
  <testcase name="testAllSigs{String}[9]" classname="org.openquantumsafe.SigTest" time="0.136"/>
  <testcase name="testAllSigs{String}[10]" classname="org.openquantumsafe.SigTest" time="0.161"/>
  <testcase name="testAllSigs{String}[11]" classname="org.openquantumsafe.SigTest" time="0.199"/>
  <testcase name="testAllSigs{String}[12]" classname="org.openquantumsafe.SigTest" time="1.576"/>
  <testcase name="testAllSigs{String}[13]" classname="org.openquantumsafe.SigTest" time="1.79"/>
  <testcase name="testAllSigs{String}[14]" classname="org.openquantumsafe.SigTest" time="2.606"/>
  <testcase name="testAllSigs{String}[15]" classname="org.openquantumsafe.SigTest" time="4.331"/>
  <testcase name="testAllSigs{String}[16]" classname="org.openquantumsafe.SigTest" time="5.207"/>
  <testcase name="testAllSigs{String}[17]" classname="org.openquantumsafe.SigTest" time="7.509"/>
  <testcase name="testAllSigs{String}[18]" classname="org.openquantumsafe.SigTest" time="0.007"/>
  <testcase name="testAllSigs{String}[19]" classname="org.openquantumsafe.SigTest" time="0.01"/>
  <testcase name="testAllSigs{String}[20]" classname="org.openquantumsafe.SigTest" time="0.172"/>
  <testcase name="testAllSigs{String}[21]" classname="org.openquantumsafe.SigTest" time="0.131"/>
  <testcase name="testAllSigs{String}[22]" classname="org.openquantumsafe.SigTest" time="0.018"/>
  <testcase name="testAllSigs{String}[23]" classname="org.openquantumsafe.SigTest" time="0.017"/>
  <testcase name="testAllSigs{String}[24]" classname="org.openquantumsafe.SigTest" time="0.286"/>
  <testcase name="testAllSigs{String}[25]" classname="org.openquantumsafe.SigTest" time="0.255"/>
  <testcase name="testAllSigs{String}[26]" classname="org.openquantumsafe.SigTest" time="0.025"/>
  <testcase name="testAllSigs{String}[27]" classname="org.openquantumsafe.SigTest" time="0.023"/>
  <testcase name="testAllSigs{String}[28]" classname="org.openquantumsafe.SigTest" time="0.239"/>
  <testcase name="testAllSigs{String}[29]" classname="org.openquantumsafe.SigTest" time="0.203"/>
  <testcase name="testAllSigs{String}[30]" classname="org.openquantumsafe.SigTest" time="0.036"/>
  <testcase name="testAllSigs{String}[31]" classname="org.openquantumsafe.SigTest" time="0.024"/>
  <testcase name="testAllSigs{String}[32]" classname="org.openquantumsafe.SigTest" time="0.464"/>
  <testcase name="testAllSigs{String}[33]" classname="org.openquantumsafe.SigTest" time="0.29"/>
  <testcase name="testAllSigs{String}[34]" classname="org.openquantumsafe.SigTest" time="0.052"/>
  <testcase name="testAllSigs{String}[35]" classname="org.openquantumsafe.SigTest" time="0.031"/>
  <testcase name="testAllSigs{String}[36]" classname="org.openquantumsafe.SigTest" time="0.83"/>
  <testcase name="testAllSigs{String}[37]" classname="org.openquantumsafe.SigTest" time="0.498"/>
  <testcase name="testAllSigs{String}[38]" classname="org.openquantumsafe.SigTest" time="0.139"/>
  <testcase name="testAllSigs{String}[39]" classname="org.openquantumsafe.SigTest" time="0.055"/>
  <testcase name="testAllSigs{String}[40]" classname="org.openquantumsafe.SigTest" time="1.415"/>
  <testcase name="testAllSigs{String}[41]" classname="org.openquantumsafe.SigTest" time="0.41"/>
  <testcase name="testAllSigs{String}[42]" classname="org.openquantumsafe.SigTest" time="0.057"/>
  <testcase name="testAllSigs{String}[43]" classname="org.openquantumsafe.SigTest" time="0.043"/>
  <testcase name="testAllSigs{String}[44]" classname="org.openquantumsafe.SigTest" time="0.917"/>
  <testcase name="testAllSigs{String}[45]" classname="org.openquantumsafe.SigTest" time="0.5"/>
  <testcase name="testAllSigs{String}[46]" classname="org.openquantumsafe.SigTest" time="0.084"/>
  <testcase name="testAllSigs{String}[47]" classname="org.openquantumsafe.SigTest" time="0.055"/>
  <testcase name="testAllSigs{String}[48]" classname="org.openquantumsafe.SigTest" time="1.487"/>
  <testcase name="testAllSigs{String}[49]" classname="org.openquantumsafe.SigTest" time="0.902"/>
  <testcase name="testAllSigs{String}[50]" classname="org.openquantumsafe.SigTest" time="0.16"/>
  <testcase name="testAllSigs{String}[51]" classname="org.openquantumsafe.SigTest" time="0.099"/>
  <testcase name="testAllSigs{String}[52]" classname="org.openquantumsafe.SigTest" time="1.411"/>
  <testcase name="testAllSigs{String}[53]" classname="org.openquantumsafe.SigTest" time="0.799"/>
  <testcase name="testAllSigs{String}[54]" classname="org.openquantumsafe.SigTest" time="0.034"/>
  <testcase name="testAllSigs{String}[55]" classname="org.openquantumsafe.SigTest" time="0.006"/>
  <testcase name="testAllSigs{String}[56]" classname="org.openquantumsafe.SigTest" time="0.005"/>
  <testcase name="testAllSigs{String}[57]" classname="org.openquantumsafe.SigTest" time="0.03"/>
  <testcase name="testAllSigs{String}[58]" classname="org.openquantumsafe.SigTest" time="0.023"/>
  <testcase name="testAllSigs{String}[59]" classname="org.openquantumsafe.SigTest" time="0.016"/>
  <testcase name="testAllSigs{String}[60]" classname="org.openquantumsafe.SigTest" time="0.032"/>
  <testcase name="testAllSigs{String}[61]" classname="org.openquantumsafe.SigTest" time="0.038"/>
  <testcase name="testAllSigs{String}[62]" classname="org.openquantumsafe.SigTest" time="0.017"/>
  <testcase name="testAllSigs{String}[63]" classname="org.openquantumsafe.SigTest" time="0.033"/>
  <testcase name="testAllSigs{String}[64]" classname="org.openquantumsafe.SigTest" time="0.055"/>
  <testcase name="testAllSigs{String}[65]" classname="org.openquantumsafe.SigTest" time="0.052"/>
  <testcase name="testAllSigs{String}[1]" classname="org.openquantumsafe.SigTest" time="0.003"/>
</testsuite>